Classic Timing Analyzer report for PWM_generator
Mon Jun 06 12:01:34 2016
Quartus II Version 9.1 Build 222 10/21/2009 SJ Web Edition


---------------------
; Table of Contents ;
---------------------
  1. Legal Notice
  2. Timing Analyzer Summary
  3. Timing Analyzer Settings
  4. Clock Settings Summary
  5. Parallel Compilation
  6. Clock Setup: 'clk'
  7. tco
  8. Timing Analyzer Messages



----------------
; Legal Notice ;
----------------
Copyright (C) 1991-2009 Altera Corporation
Your use of Altera Corporation's design tools, logic functions 
and other software and tools, and its AMPP partner logic 
functions, and any output files from any of the foregoing 
(including device programming or simulation files), and any 
associated documentation or information are expressly subject 
to the terms and conditions of the Altera Program License 
Subscription Agreement, Altera MegaCore Function License 
Agreement, or other applicable license agreement, including, 
without limitation, that your use is for the sole purpose of 
programming logic devices manufactured by Altera and sold by 
Altera or its authorized distributors.  Please refer to the 
applicable agreement for further details.



+--------------------------------------------------------------------------------------------------------------------------------------------------------+
; Timing Analyzer Summary                                                                                                                                ;
+------------------------------+-------+---------------+----------------------------------+------------+----------+------------+----------+--------------+
; Type                         ; Slack ; Required Time ; Actual Time                      ; From       ; To       ; From Clock ; To Clock ; Failed Paths ;
+------------------------------+-------+---------------+----------------------------------+------------+----------+------------+----------+--------------+
; Worst-case tco               ; N/A   ; None          ; 10.082 ns                        ; out~reg0   ; out      ; clk        ; --       ; 0            ;
; Clock Setup: 'clk'           ; N/A   ; None          ; 186.99 MHz ( period = 5.348 ns ) ; counter[0] ; out~reg0 ; clk        ; clk      ; 0            ;
; Total number of failed paths ;       ;               ;                                  ;            ;          ;            ;          ; 0            ;
+------------------------------+-------+---------------+----------------------------------+------------+----------+------------+----------+--------------+


+-----------------------------------------------------------------------------------------------------------------------------------------------------+
; Timing Analyzer Settings                                                                                                                            ;
+------------------------------------------------------------------------------------------------------+--------------------+------+----+-------------+
; Option                                                                                               ; Setting            ; From ; To ; Entity Name ;
+------------------------------------------------------------------------------------------------------+--------------------+------+----+-------------+
; Device Name                                                                                          ; EP2C20F484C7       ;      ;    ;             ;
; Timing Models                                                                                        ; Final              ;      ;    ;             ;
; Default hold multicycle                                                                              ; Same as Multicycle ;      ;    ;             ;
; Cut paths between unrelated clock domains                                                            ; On                 ;      ;    ;             ;
; Cut off read during write signal paths                                                               ; On                 ;      ;    ;             ;
; Cut off feedback from I/O pins                                                                       ; On                 ;      ;    ;             ;
; Report Combined Fast/Slow Timing                                                                     ; Off                ;      ;    ;             ;
; Ignore Clock Settings                                                                                ; Off                ;      ;    ;             ;
; Analyze latches as synchronous elements                                                              ; On                 ;      ;    ;             ;
; Enable Recovery/Removal analysis                                                                     ; Off                ;      ;    ;             ;
; Enable Clock Latency                                                                                 ; Off                ;      ;    ;             ;
; Use TimeQuest Timing Analyzer                                                                        ; Off                ;      ;    ;             ;
; Minimum Core Junction Temperature                                                                    ; 0                  ;      ;    ;             ;
; Maximum Core Junction Temperature                                                                    ; 85                 ;      ;    ;             ;
; Number of source nodes to report per destination node                                                ; 10                 ;      ;    ;             ;
; Number of destination nodes to report                                                                ; 10                 ;      ;    ;             ;
; Number of paths to report                                                                            ; 200                ;      ;    ;             ;
; Report Minimum Timing Checks                                                                         ; Off                ;      ;    ;             ;
; Use Fast Timing Models                                                                               ; Off                ;      ;    ;             ;
; Report IO Paths Separately                                                                           ; Off                ;      ;    ;             ;
; Perform Multicorner Analysis                                                                         ; On                 ;      ;    ;             ;
; Reports the worst-case path for each clock domain and analysis                                       ; Off                ;      ;    ;             ;
; Reports worst-case timing paths for each clock domain and analysis                                   ; On                 ;      ;    ;             ;
; Specifies the maximum number of worst-case timing paths to report for each clock domain and analysis ; 100                ;      ;    ;             ;
; Removes common clock path pessimism (CCPP) during slack computation                                  ; Off                ;      ;    ;             ;
; Output I/O Timing Endpoint                                                                           ; Near End           ;      ;    ;             ;
+------------------------------------------------------------------------------------------------------+--------------------+------+----+-------------+


+------------------------------------------------------------------------------------------------------------------------------------------------------------------------------------+
; Clock Settings Summary                                                                                                                                                             ;
+-----------------+--------------------+----------+------------------+---------------+--------------+----------+-----------------------+---------------------+--------+--------------+
; Clock Node Name ; Clock Setting Name ; Type     ; Fmax Requirement ; Early Latency ; Late Latency ; Based on ; Multiply Base Fmax by ; Divide Base Fmax by ; Offset ; Phase offset ;
+-----------------+--------------------+----------+------------------+---------------+--------------+----------+-----------------------+---------------------+--------+--------------+
; clk             ;                    ; User Pin ; None             ; 0.000 ns      ; 0.000 ns     ; --       ; N/A                   ; N/A                 ; N/A    ;              ;
+-----------------+--------------------+----------+------------------+---------------+--------------+----------+-----------------------+---------------------+--------+--------------+


Parallel compilation was disabled, but you have multiple processors available. Enable parallel compilation to reduce compilation time.
+-------------------------------------+
; Parallel Compilation                ;
+----------------------------+--------+
; Processors                 ; Number ;
+----------------------------+--------+
; Number detected on machine ; 4      ;
; Maximum allowed            ; 1      ;
+----------------------------+--------+


+---------------------------------------------------------------------------------------------------------------------------------------------------------------------------------------------------------------------------------------+
; Clock Setup: 'clk'                                                                                                                                                                                                                    ;
+-----------------------------------------+-----------------------------------------------------+-------------+-------------+------------+----------+-----------------------------+---------------------------+-------------------------+
; Slack                                   ; Actual fmax (period)                                ; From        ; To          ; From Clock ; To Clock ; Required Setup Relationship ; Required Longest P2P Time ; Actual Longest P2P Time ;
+-----------------------------------------+-----------------------------------------------------+-------------+-------------+------------+----------+-----------------------------+---------------------------+-------------------------+
; N/A                                     ; 186.99 MHz ( period = 5.348 ns )                    ; counter[0]  ; out~reg0    ; clk        ; clk      ; None                        ; None                      ; 5.110 ns                ;
; N/A                                     ; 191.61 MHz ( period = 5.219 ns )                    ; counter[1]  ; out~reg0    ; clk        ; clk      ; None                        ; None                      ; 4.981 ns                ;
; N/A                                     ; 192.79 MHz ( period = 5.187 ns )                    ; counter[8]  ; out~reg0    ; clk        ; clk      ; None                        ; None                      ; 4.943 ns                ;
; N/A                                     ; 194.67 MHz ( period = 5.137 ns )                    ; counter[2]  ; out~reg0    ; clk        ; clk      ; None                        ; None                      ; 4.899 ns                ;
; N/A                                     ; 197.04 MHz ( period = 5.075 ns )                    ; counter[0]  ; counter[5]  ; clk        ; clk      ; None                        ; None                      ; 4.837 ns                ;
; N/A                                     ; 197.12 MHz ( period = 5.073 ns )                    ; counter[0]  ; counter[6]  ; clk        ; clk      ; None                        ; None                      ; 4.835 ns                ;
; N/A                                     ; 197.12 MHz ( period = 5.073 ns )                    ; counter[0]  ; counter[7]  ; clk        ; clk      ; None                        ; None                      ; 4.835 ns                ;
; N/A                                     ; 197.20 MHz ( period = 5.071 ns )                    ; counter[0]  ; counter[9]  ; clk        ; clk      ; None                        ; None                      ; 4.838 ns                ;
; N/A                                     ; 197.20 MHz ( period = 5.071 ns )                    ; counter[0]  ; counter[16] ; clk        ; clk      ; None                        ; None                      ; 4.838 ns                ;
; N/A                                     ; 197.24 MHz ( period = 5.070 ns )                    ; counter[0]  ; counter[17] ; clk        ; clk      ; None                        ; None                      ; 4.832 ns                ;
; N/A                                     ; 197.24 MHz ( period = 5.070 ns )                    ; counter[0]  ; counter[8]  ; clk        ; clk      ; None                        ; None                      ; 4.837 ns                ;
; N/A                                     ; 197.28 MHz ( period = 5.069 ns )                    ; counter[0]  ; counter[10] ; clk        ; clk      ; None                        ; None                      ; 4.836 ns                ;
; N/A                                     ; 197.28 MHz ( period = 5.069 ns )                    ; counter[0]  ; counter[11] ; clk        ; clk      ; None                        ; None                      ; 4.836 ns                ;
; N/A                                     ; 198.81 MHz ( period = 5.030 ns )                    ; counter[5]  ; out~reg0    ; clk        ; clk      ; None                        ; None                      ; 4.791 ns                ;
; N/A                                     ; 199.64 MHz ( period = 5.009 ns )                    ; counter[3]  ; out~reg0    ; clk        ; clk      ; None                        ; None                      ; 4.771 ns                ;
; N/A                                     ; 200.28 MHz ( period = 4.993 ns )                    ; counter[6]  ; out~reg0    ; clk        ; clk      ; None                        ; None                      ; 4.754 ns                ;
; N/A                                     ; 201.29 MHz ( period = 4.968 ns )                    ; counter[0]  ; counter[0]  ; clk        ; clk      ; None                        ; None                      ; 4.729 ns                ;
; N/A                                     ; 201.29 MHz ( period = 4.968 ns )                    ; counter[0]  ; counter[1]  ; clk        ; clk      ; None                        ; None                      ; 4.729 ns                ;
; N/A                                     ; 201.33 MHz ( period = 4.967 ns )                    ; counter[0]  ; counter[4]  ; clk        ; clk      ; None                        ; None                      ; 4.728 ns                ;
; N/A                                     ; 201.33 MHz ( period = 4.967 ns )                    ; counter[0]  ; counter[3]  ; clk        ; clk      ; None                        ; None                      ; 4.728 ns                ;
; N/A                                     ; 201.41 MHz ( period = 4.965 ns )                    ; counter[0]  ; counter[2]  ; clk        ; clk      ; None                        ; None                      ; 4.726 ns                ;
; N/A                                     ; 202.02 MHz ( period = 4.950 ns )                    ; counter[4]  ; out~reg0    ; clk        ; clk      ; None                        ; None                      ; 4.712 ns                ;
; N/A                                     ; 202.18 MHz ( period = 4.946 ns )                    ; counter[1]  ; counter[5]  ; clk        ; clk      ; None                        ; None                      ; 4.708 ns                ;
; N/A                                     ; 202.27 MHz ( period = 4.944 ns )                    ; counter[1]  ; counter[6]  ; clk        ; clk      ; None                        ; None                      ; 4.706 ns                ;
; N/A                                     ; 202.27 MHz ( period = 4.944 ns )                    ; counter[1]  ; counter[7]  ; clk        ; clk      ; None                        ; None                      ; 4.706 ns                ;
; N/A                                     ; 202.35 MHz ( period = 4.942 ns )                    ; counter[1]  ; counter[9]  ; clk        ; clk      ; None                        ; None                      ; 4.709 ns                ;
; N/A                                     ; 202.35 MHz ( period = 4.942 ns )                    ; counter[1]  ; counter[16] ; clk        ; clk      ; None                        ; None                      ; 4.709 ns                ;
; N/A                                     ; 202.39 MHz ( period = 4.941 ns )                    ; counter[1]  ; counter[17] ; clk        ; clk      ; None                        ; None                      ; 4.703 ns                ;
; N/A                                     ; 202.39 MHz ( period = 4.941 ns )                    ; counter[1]  ; counter[8]  ; clk        ; clk      ; None                        ; None                      ; 4.708 ns                ;
; N/A                                     ; 202.43 MHz ( period = 4.940 ns )                    ; counter[1]  ; counter[10] ; clk        ; clk      ; None                        ; None                      ; 4.707 ns                ;
; N/A                                     ; 202.43 MHz ( period = 4.940 ns )                    ; counter[1]  ; counter[11] ; clk        ; clk      ; None                        ; None                      ; 4.707 ns                ;
; N/A                                     ; 203.33 MHz ( period = 4.918 ns )                    ; counter[7]  ; out~reg0    ; clk        ; clk      ; None                        ; None                      ; 4.679 ns                ;
; N/A                                     ; 203.71 MHz ( period = 4.909 ns )                    ; counter[8]  ; counter[17] ; clk        ; clk      ; None                        ; None                      ; 4.665 ns                ;
; N/A                                     ; 205.59 MHz ( period = 4.864 ns )                    ; counter[2]  ; counter[5]  ; clk        ; clk      ; None                        ; None                      ; 4.626 ns                ;
; N/A                                     ; 205.68 MHz ( period = 4.862 ns )                    ; counter[2]  ; counter[6]  ; clk        ; clk      ; None                        ; None                      ; 4.624 ns                ;
; N/A                                     ; 205.68 MHz ( period = 4.862 ns )                    ; counter[2]  ; counter[7]  ; clk        ; clk      ; None                        ; None                      ; 4.624 ns                ;
; N/A                                     ; 205.76 MHz ( period = 4.860 ns )                    ; counter[2]  ; counter[9]  ; clk        ; clk      ; None                        ; None                      ; 4.627 ns                ;
; N/A                                     ; 205.76 MHz ( period = 4.860 ns )                    ; counter[2]  ; counter[16] ; clk        ; clk      ; None                        ; None                      ; 4.627 ns                ;
; N/A                                     ; 205.80 MHz ( period = 4.859 ns )                    ; counter[2]  ; counter[17] ; clk        ; clk      ; None                        ; None                      ; 4.621 ns                ;
; N/A                                     ; 205.80 MHz ( period = 4.859 ns )                    ; counter[2]  ; counter[8]  ; clk        ; clk      ; None                        ; None                      ; 4.626 ns                ;
; N/A                                     ; 205.85 MHz ( period = 4.858 ns )                    ; counter[2]  ; counter[10] ; clk        ; clk      ; None                        ; None                      ; 4.625 ns                ;
; N/A                                     ; 205.85 MHz ( period = 4.858 ns )                    ; counter[2]  ; counter[11] ; clk        ; clk      ; None                        ; None                      ; 4.625 ns                ;
; N/A                                     ; 206.65 MHz ( period = 4.839 ns )                    ; counter[1]  ; counter[0]  ; clk        ; clk      ; None                        ; None                      ; 4.600 ns                ;
; N/A                                     ; 206.65 MHz ( period = 4.839 ns )                    ; counter[1]  ; counter[1]  ; clk        ; clk      ; None                        ; None                      ; 4.600 ns                ;
; N/A                                     ; 206.70 MHz ( period = 4.838 ns )                    ; counter[1]  ; counter[4]  ; clk        ; clk      ; None                        ; None                      ; 4.599 ns                ;
; N/A                                     ; 206.70 MHz ( period = 4.838 ns )                    ; counter[1]  ; counter[3]  ; clk        ; clk      ; None                        ; None                      ; 4.599 ns                ;
; N/A                                     ; 206.78 MHz ( period = 4.836 ns )                    ; counter[1]  ; counter[2]  ; clk        ; clk      ; None                        ; None                      ; 4.597 ns                ;
; N/A                                     ; 208.03 MHz ( period = 4.807 ns )                    ; counter[8]  ; counter[0]  ; clk        ; clk      ; None                        ; None                      ; 4.562 ns                ;
; N/A                                     ; 208.03 MHz ( period = 4.807 ns )                    ; counter[8]  ; counter[1]  ; clk        ; clk      ; None                        ; None                      ; 4.562 ns                ;
; N/A                                     ; 208.07 MHz ( period = 4.806 ns )                    ; counter[8]  ; counter[4]  ; clk        ; clk      ; None                        ; None                      ; 4.561 ns                ;
; N/A                                     ; 208.07 MHz ( period = 4.806 ns )                    ; counter[8]  ; counter[3]  ; clk        ; clk      ; None                        ; None                      ; 4.561 ns                ;
; N/A                                     ; 208.16 MHz ( period = 4.804 ns )                    ; counter[8]  ; counter[2]  ; clk        ; clk      ; None                        ; None                      ; 4.559 ns                ;
; N/A                                     ; 208.59 MHz ( period = 4.794 ns )                    ; counter[8]  ; counter[7]  ; clk        ; clk      ; None                        ; None                      ; 4.550 ns                ;
; N/A                                     ; 208.64 MHz ( period = 4.793 ns )                    ; counter[8]  ; counter[6]  ; clk        ; clk      ; None                        ; None                      ; 4.549 ns                ;
; N/A                                     ; 208.64 MHz ( period = 4.793 ns )                    ; counter[8]  ; counter[5]  ; clk        ; clk      ; None                        ; None                      ; 4.549 ns                ;
; N/A                                     ; 210.22 MHz ( period = 4.757 ns )                    ; counter[2]  ; counter[0]  ; clk        ; clk      ; None                        ; None                      ; 4.518 ns                ;
; N/A                                     ; 210.22 MHz ( period = 4.757 ns )                    ; counter[5]  ; counter[5]  ; clk        ; clk      ; None                        ; None                      ; 4.518 ns                ;
; N/A                                     ; 210.22 MHz ( period = 4.757 ns )                    ; counter[2]  ; counter[1]  ; clk        ; clk      ; None                        ; None                      ; 4.518 ns                ;
; N/A                                     ; 210.26 MHz ( period = 4.756 ns )                    ; counter[2]  ; counter[4]  ; clk        ; clk      ; None                        ; None                      ; 4.517 ns                ;
; N/A                                     ; 210.26 MHz ( period = 4.756 ns )                    ; counter[2]  ; counter[3]  ; clk        ; clk      ; None                        ; None                      ; 4.517 ns                ;
; N/A                                     ; 210.30 MHz ( period = 4.755 ns )                    ; counter[5]  ; counter[6]  ; clk        ; clk      ; None                        ; None                      ; 4.516 ns                ;
; N/A                                     ; 210.30 MHz ( period = 4.755 ns )                    ; counter[5]  ; counter[7]  ; clk        ; clk      ; None                        ; None                      ; 4.516 ns                ;
; N/A                                     ; 210.35 MHz ( period = 4.754 ns )                    ; counter[2]  ; counter[2]  ; clk        ; clk      ; None                        ; None                      ; 4.515 ns                ;
; N/A                                     ; 210.39 MHz ( period = 4.753 ns )                    ; counter[5]  ; counter[9]  ; clk        ; clk      ; None                        ; None                      ; 4.519 ns                ;
; N/A                                     ; 210.39 MHz ( period = 4.753 ns )                    ; counter[5]  ; counter[16] ; clk        ; clk      ; None                        ; None                      ; 4.519 ns                ;
; N/A                                     ; 210.44 MHz ( period = 4.752 ns )                    ; counter[5]  ; counter[17] ; clk        ; clk      ; None                        ; None                      ; 4.513 ns                ;
; N/A                                     ; 210.44 MHz ( period = 4.752 ns )                    ; counter[5]  ; counter[8]  ; clk        ; clk      ; None                        ; None                      ; 4.518 ns                ;
; N/A                                     ; 210.48 MHz ( period = 4.751 ns )                    ; counter[5]  ; counter[10] ; clk        ; clk      ; None                        ; None                      ; 4.517 ns                ;
; N/A                                     ; 210.48 MHz ( period = 4.751 ns )                    ; counter[5]  ; counter[11] ; clk        ; clk      ; None                        ; None                      ; 4.517 ns                ;
; N/A                                     ; 211.15 MHz ( period = 4.736 ns )                    ; counter[3]  ; counter[5]  ; clk        ; clk      ; None                        ; None                      ; 4.498 ns                ;
; N/A                                     ; 211.24 MHz ( period = 4.734 ns )                    ; counter[3]  ; counter[6]  ; clk        ; clk      ; None                        ; None                      ; 4.496 ns                ;
; N/A                                     ; 211.24 MHz ( period = 4.734 ns )                    ; counter[3]  ; counter[7]  ; clk        ; clk      ; None                        ; None                      ; 4.496 ns                ;
; N/A                                     ; 211.33 MHz ( period = 4.732 ns )                    ; counter[3]  ; counter[9]  ; clk        ; clk      ; None                        ; None                      ; 4.499 ns                ;
; N/A                                     ; 211.33 MHz ( period = 4.732 ns )                    ; counter[3]  ; counter[16] ; clk        ; clk      ; None                        ; None                      ; 4.499 ns                ;
; N/A                                     ; 211.37 MHz ( period = 4.731 ns )                    ; counter[3]  ; counter[17] ; clk        ; clk      ; None                        ; None                      ; 4.493 ns                ;
; N/A                                     ; 211.37 MHz ( period = 4.731 ns )                    ; counter[3]  ; counter[8]  ; clk        ; clk      ; None                        ; None                      ; 4.498 ns                ;
; N/A                                     ; 211.42 MHz ( period = 4.730 ns )                    ; counter[3]  ; counter[10] ; clk        ; clk      ; None                        ; None                      ; 4.497 ns                ;
; N/A                                     ; 211.42 MHz ( period = 4.730 ns )                    ; counter[3]  ; counter[11] ; clk        ; clk      ; None                        ; None                      ; 4.497 ns                ;
; N/A                                     ; 211.86 MHz ( period = 4.720 ns )                    ; counter[6]  ; counter[5]  ; clk        ; clk      ; None                        ; None                      ; 4.481 ns                ;
; N/A                                     ; 211.95 MHz ( period = 4.718 ns )                    ; counter[6]  ; counter[6]  ; clk        ; clk      ; None                        ; None                      ; 4.479 ns                ;
; N/A                                     ; 211.95 MHz ( period = 4.718 ns )                    ; counter[6]  ; counter[7]  ; clk        ; clk      ; None                        ; None                      ; 4.479 ns                ;
; N/A                                     ; 212.04 MHz ( period = 4.716 ns )                    ; counter[6]  ; counter[9]  ; clk        ; clk      ; None                        ; None                      ; 4.482 ns                ;
; N/A                                     ; 212.04 MHz ( period = 4.716 ns )                    ; counter[6]  ; counter[16] ; clk        ; clk      ; None                        ; None                      ; 4.482 ns                ;
; N/A                                     ; 212.09 MHz ( period = 4.715 ns )                    ; counter[6]  ; counter[17] ; clk        ; clk      ; None                        ; None                      ; 4.476 ns                ;
; N/A                                     ; 212.09 MHz ( period = 4.715 ns )                    ; counter[6]  ; counter[8]  ; clk        ; clk      ; None                        ; None                      ; 4.481 ns                ;
; N/A                                     ; 212.13 MHz ( period = 4.714 ns )                    ; counter[6]  ; counter[10] ; clk        ; clk      ; None                        ; None                      ; 4.480 ns                ;
; N/A                                     ; 212.13 MHz ( period = 4.714 ns )                    ; counter[6]  ; counter[11] ; clk        ; clk      ; None                        ; None                      ; 4.480 ns                ;
; N/A                                     ; 213.81 MHz ( period = 4.677 ns )                    ; counter[4]  ; counter[5]  ; clk        ; clk      ; None                        ; None                      ; 4.439 ns                ;
; N/A                                     ; 213.90 MHz ( period = 4.675 ns )                    ; counter[4]  ; counter[6]  ; clk        ; clk      ; None                        ; None                      ; 4.437 ns                ;
; N/A                                     ; 213.90 MHz ( period = 4.675 ns )                    ; counter[4]  ; counter[7]  ; clk        ; clk      ; None                        ; None                      ; 4.437 ns                ;
; N/A                                     ; 214.00 MHz ( period = 4.673 ns )                    ; counter[8]  ; counter[9]  ; clk        ; clk      ; None                        ; None                      ; 4.434 ns                ;
; N/A                                     ; 214.00 MHz ( period = 4.673 ns )                    ; counter[4]  ; counter[9]  ; clk        ; clk      ; None                        ; None                      ; 4.440 ns                ;
; N/A                                     ; 214.00 MHz ( period = 4.673 ns )                    ; counter[8]  ; counter[16] ; clk        ; clk      ; None                        ; None                      ; 4.434 ns                ;
; N/A                                     ; 214.00 MHz ( period = 4.673 ns )                    ; counter[4]  ; counter[16] ; clk        ; clk      ; None                        ; None                      ; 4.440 ns                ;
; N/A                                     ; 214.04 MHz ( period = 4.672 ns )                    ; counter[4]  ; counter[17] ; clk        ; clk      ; None                        ; None                      ; 4.434 ns                ;
; N/A                                     ; 214.04 MHz ( period = 4.672 ns )                    ; counter[8]  ; counter[8]  ; clk        ; clk      ; None                        ; None                      ; 4.433 ns                ;
; N/A                                     ; 214.04 MHz ( period = 4.672 ns )                    ; counter[4]  ; counter[8]  ; clk        ; clk      ; None                        ; None                      ; 4.439 ns                ;
; N/A                                     ; 214.09 MHz ( period = 4.671 ns )                    ; counter[8]  ; counter[10] ; clk        ; clk      ; None                        ; None                      ; 4.432 ns                ;
; N/A                                     ; 214.09 MHz ( period = 4.671 ns )                    ; counter[4]  ; counter[10] ; clk        ; clk      ; None                        ; None                      ; 4.438 ns                ;
; N/A                                     ; 214.09 MHz ( period = 4.671 ns )                    ; counter[8]  ; counter[11] ; clk        ; clk      ; None                        ; None                      ; 4.432 ns                ;
; N/A                                     ; 214.09 MHz ( period = 4.671 ns )                    ; counter[4]  ; counter[11] ; clk        ; clk      ; None                        ; None                      ; 4.438 ns                ;
; N/A                                     ; 215.05 MHz ( period = 4.650 ns )                    ; counter[5]  ; counter[0]  ; clk        ; clk      ; None                        ; None                      ; 4.410 ns                ;
; N/A                                     ; 215.05 MHz ( period = 4.650 ns )                    ; counter[5]  ; counter[1]  ; clk        ; clk      ; None                        ; None                      ; 4.410 ns                ;
; N/A                                     ; 215.10 MHz ( period = 4.649 ns )                    ; counter[5]  ; counter[4]  ; clk        ; clk      ; None                        ; None                      ; 4.409 ns                ;
; N/A                                     ; 215.10 MHz ( period = 4.649 ns )                    ; counter[5]  ; counter[3]  ; clk        ; clk      ; None                        ; None                      ; 4.409 ns                ;
; N/A                                     ; 215.19 MHz ( period = 4.647 ns )                    ; counter[5]  ; counter[2]  ; clk        ; clk      ; None                        ; None                      ; 4.407 ns                ;
; N/A                                     ; 215.29 MHz ( period = 4.645 ns )                    ; counter[7]  ; counter[5]  ; clk        ; clk      ; None                        ; None                      ; 4.406 ns                ;
; N/A                                     ; 215.38 MHz ( period = 4.643 ns )                    ; counter[7]  ; counter[6]  ; clk        ; clk      ; None                        ; None                      ; 4.404 ns                ;
; N/A                                     ; 215.38 MHz ( period = 4.643 ns )                    ; counter[7]  ; counter[7]  ; clk        ; clk      ; None                        ; None                      ; 4.404 ns                ;
; N/A                                     ; 215.47 MHz ( period = 4.641 ns )                    ; counter[7]  ; counter[9]  ; clk        ; clk      ; None                        ; None                      ; 4.407 ns                ;
; N/A                                     ; 215.47 MHz ( period = 4.641 ns )                    ; counter[7]  ; counter[16] ; clk        ; clk      ; None                        ; None                      ; 4.407 ns                ;
; N/A                                     ; 215.52 MHz ( period = 4.640 ns )                    ; counter[7]  ; counter[17] ; clk        ; clk      ; None                        ; None                      ; 4.401 ns                ;
; N/A                                     ; 215.52 MHz ( period = 4.640 ns )                    ; counter[7]  ; counter[8]  ; clk        ; clk      ; None                        ; None                      ; 4.406 ns                ;
; N/A                                     ; 215.56 MHz ( period = 4.639 ns )                    ; counter[7]  ; counter[10] ; clk        ; clk      ; None                        ; None                      ; 4.405 ns                ;
; N/A                                     ; 215.56 MHz ( period = 4.639 ns )                    ; counter[7]  ; counter[11] ; clk        ; clk      ; None                        ; None                      ; 4.405 ns                ;
; N/A                                     ; 216.03 MHz ( period = 4.629 ns )                    ; counter[3]  ; counter[0]  ; clk        ; clk      ; None                        ; None                      ; 4.390 ns                ;
; N/A                                     ; 216.03 MHz ( period = 4.629 ns )                    ; counter[3]  ; counter[1]  ; clk        ; clk      ; None                        ; None                      ; 4.390 ns                ;
; N/A                                     ; 216.08 MHz ( period = 4.628 ns )                    ; counter[3]  ; counter[4]  ; clk        ; clk      ; None                        ; None                      ; 4.389 ns                ;
; N/A                                     ; 216.08 MHz ( period = 4.628 ns )                    ; counter[3]  ; counter[3]  ; clk        ; clk      ; None                        ; None                      ; 4.389 ns                ;
; N/A                                     ; 216.17 MHz ( period = 4.626 ns )                    ; counter[3]  ; counter[2]  ; clk        ; clk      ; None                        ; None                      ; 4.387 ns                ;
; N/A                                     ; 216.78 MHz ( period = 4.613 ns )                    ; counter[6]  ; counter[0]  ; clk        ; clk      ; None                        ; None                      ; 4.373 ns                ;
; N/A                                     ; 216.78 MHz ( period = 4.613 ns )                    ; counter[6]  ; counter[1]  ; clk        ; clk      ; None                        ; None                      ; 4.373 ns                ;
; N/A                                     ; 216.83 MHz ( period = 4.612 ns )                    ; counter[6]  ; counter[4]  ; clk        ; clk      ; None                        ; None                      ; 4.372 ns                ;
; N/A                                     ; 216.83 MHz ( period = 4.612 ns )                    ; counter[6]  ; counter[3]  ; clk        ; clk      ; None                        ; None                      ; 4.372 ns                ;
; N/A                                     ; 216.92 MHz ( period = 4.610 ns )                    ; counter[6]  ; counter[2]  ; clk        ; clk      ; None                        ; None                      ; 4.370 ns                ;
; N/A                                     ; 218.82 MHz ( period = 4.570 ns )                    ; counter[4]  ; counter[0]  ; clk        ; clk      ; None                        ; None                      ; 4.331 ns                ;
; N/A                                     ; 218.82 MHz ( period = 4.570 ns )                    ; counter[4]  ; counter[1]  ; clk        ; clk      ; None                        ; None                      ; 4.331 ns                ;
; N/A                                     ; 218.87 MHz ( period = 4.569 ns )                    ; counter[4]  ; counter[4]  ; clk        ; clk      ; None                        ; None                      ; 4.330 ns                ;
; N/A                                     ; 218.87 MHz ( period = 4.569 ns )                    ; counter[4]  ; counter[3]  ; clk        ; clk      ; None                        ; None                      ; 4.330 ns                ;
; N/A                                     ; 218.96 MHz ( period = 4.567 ns )                    ; counter[4]  ; counter[2]  ; clk        ; clk      ; None                        ; None                      ; 4.328 ns                ;
; N/A                                     ; 219.54 MHz ( period = 4.555 ns )                    ; counter[0]  ; counter[14] ; clk        ; clk      ; None                        ; None                      ; 4.317 ns                ;
; N/A                                     ; 219.64 MHz ( period = 4.553 ns )                    ; counter[0]  ; counter[12] ; clk        ; clk      ; None                        ; None                      ; 4.315 ns                ;
; N/A                                     ; 219.68 MHz ( period = 4.552 ns )                    ; counter[0]  ; counter[13] ; clk        ; clk      ; None                        ; None                      ; 4.314 ns                ;
; N/A                                     ; 220.36 MHz ( period = 4.538 ns )                    ; counter[7]  ; counter[0]  ; clk        ; clk      ; None                        ; None                      ; 4.298 ns                ;
; N/A                                     ; 220.36 MHz ( period = 4.538 ns )                    ; counter[7]  ; counter[1]  ; clk        ; clk      ; None                        ; None                      ; 4.298 ns                ;
; N/A                                     ; 220.41 MHz ( period = 4.537 ns )                    ; counter[7]  ; counter[4]  ; clk        ; clk      ; None                        ; None                      ; 4.297 ns                ;
; N/A                                     ; 220.41 MHz ( period = 4.537 ns )                    ; counter[7]  ; counter[3]  ; clk        ; clk      ; None                        ; None                      ; 4.297 ns                ;
; N/A                                     ; 220.51 MHz ( period = 4.535 ns )                    ; counter[7]  ; counter[2]  ; clk        ; clk      ; None                        ; None                      ; 4.295 ns                ;
; N/A                                     ; 224.11 MHz ( period = 4.462 ns )                    ; counter[9]  ; out~reg0    ; clk        ; clk      ; None                        ; None                      ; 4.218 ns                ;
; N/A                                     ; 224.27 MHz ( period = 4.459 ns )                    ; counter[13] ; counter[17] ; clk        ; clk      ; None                        ; None                      ; 4.220 ns                ;
; N/A                                     ; 224.42 MHz ( period = 4.456 ns )                    ; counter[0]  ; counter[15] ; clk        ; clk      ; None                        ; None                      ; 4.218 ns                ;
; N/A                                     ; 225.94 MHz ( period = 4.426 ns )                    ; counter[1]  ; counter[14] ; clk        ; clk      ; None                        ; None                      ; 4.188 ns                ;
; N/A                                     ; 225.94 MHz ( period = 4.426 ns )                    ; counter[12] ; counter[17] ; clk        ; clk      ; None                        ; None                      ; 4.187 ns                ;
; N/A                                     ; 226.04 MHz ( period = 4.424 ns )                    ; counter[1]  ; counter[12] ; clk        ; clk      ; None                        ; None                      ; 4.186 ns                ;
; N/A                                     ; 226.09 MHz ( period = 4.423 ns )                    ; counter[1]  ; counter[13] ; clk        ; clk      ; None                        ; None                      ; 4.185 ns                ;
; N/A                                     ; 227.58 MHz ( period = 4.394 ns )                    ; counter[8]  ; counter[14] ; clk        ; clk      ; None                        ; None                      ; 4.150 ns                ;
; N/A                                     ; 227.69 MHz ( period = 4.392 ns )                    ; counter[8]  ; counter[12] ; clk        ; clk      ; None                        ; None                      ; 4.148 ns                ;
; N/A                                     ; 227.74 MHz ( period = 4.391 ns )                    ; counter[8]  ; counter[13] ; clk        ; clk      ; None                        ; None                      ; 4.147 ns                ;
; N/A                                     ; 229.52 MHz ( period = 4.357 ns )                    ; counter[13] ; counter[0]  ; clk        ; clk      ; None                        ; None                      ; 4.117 ns                ;
; N/A                                     ; 229.52 MHz ( period = 4.357 ns )                    ; counter[13] ; counter[1]  ; clk        ; clk      ; None                        ; None                      ; 4.117 ns                ;
; N/A                                     ; 229.57 MHz ( period = 4.356 ns )                    ; counter[13] ; counter[4]  ; clk        ; clk      ; None                        ; None                      ; 4.116 ns                ;
; N/A                                     ; 229.57 MHz ( period = 4.356 ns )                    ; counter[13] ; counter[3]  ; clk        ; clk      ; None                        ; None                      ; 4.116 ns                ;
; N/A                                     ; 229.67 MHz ( period = 4.354 ns )                    ; counter[13] ; counter[2]  ; clk        ; clk      ; None                        ; None                      ; 4.114 ns                ;
; N/A                                     ; 230.20 MHz ( period = 4.344 ns )                    ; counter[2]  ; counter[14] ; clk        ; clk      ; None                        ; None                      ; 4.106 ns                ;
; N/A                                     ; 230.20 MHz ( period = 4.344 ns )                    ; counter[13] ; counter[7]  ; clk        ; clk      ; None                        ; None                      ; 4.105 ns                ;
; N/A                                     ; 230.26 MHz ( period = 4.343 ns )                    ; counter[13] ; counter[6]  ; clk        ; clk      ; None                        ; None                      ; 4.104 ns                ;
; N/A                                     ; 230.26 MHz ( period = 4.343 ns )                    ; counter[13] ; counter[5]  ; clk        ; clk      ; None                        ; None                      ; 4.104 ns                ;
; N/A                                     ; 230.31 MHz ( period = 4.342 ns )                    ; counter[2]  ; counter[12] ; clk        ; clk      ; None                        ; None                      ; 4.104 ns                ;
; N/A                                     ; 230.36 MHz ( period = 4.341 ns )                    ; counter[2]  ; counter[13] ; clk        ; clk      ; None                        ; None                      ; 4.103 ns                ;
; N/A                                     ; 230.41 MHz ( period = 4.340 ns )                    ; counter[13] ; out~reg0    ; clk        ; clk      ; None                        ; None                      ; 4.101 ns                ;
; N/A                                     ; 231.11 MHz ( period = 4.327 ns )                    ; counter[1]  ; counter[15] ; clk        ; clk      ; None                        ; None                      ; 4.089 ns                ;
; N/A                                     ; 231.27 MHz ( period = 4.324 ns )                    ; counter[12] ; counter[0]  ; clk        ; clk      ; None                        ; None                      ; 4.084 ns                ;
; N/A                                     ; 231.27 MHz ( period = 4.324 ns )                    ; counter[12] ; counter[1]  ; clk        ; clk      ; None                        ; None                      ; 4.084 ns                ;
; N/A                                     ; 231.32 MHz ( period = 4.323 ns )                    ; counter[12] ; counter[4]  ; clk        ; clk      ; None                        ; None                      ; 4.083 ns                ;
; N/A                                     ; 231.32 MHz ( period = 4.323 ns )                    ; counter[12] ; counter[3]  ; clk        ; clk      ; None                        ; None                      ; 4.083 ns                ;
; N/A                                     ; 231.43 MHz ( period = 4.321 ns )                    ; counter[12] ; counter[2]  ; clk        ; clk      ; None                        ; None                      ; 4.081 ns                ;
; N/A                                     ; 231.96 MHz ( period = 4.311 ns )                    ; counter[12] ; counter[7]  ; clk        ; clk      ; None                        ; None                      ; 4.072 ns                ;
; N/A                                     ; 232.02 MHz ( period = 4.310 ns )                    ; counter[12] ; counter[6]  ; clk        ; clk      ; None                        ; None                      ; 4.071 ns                ;
; N/A                                     ; 232.02 MHz ( period = 4.310 ns )                    ; counter[12] ; counter[5]  ; clk        ; clk      ; None                        ; None                      ; 4.071 ns                ;
; N/A                                     ; 232.18 MHz ( period = 4.307 ns )                    ; counter[12] ; out~reg0    ; clk        ; clk      ; None                        ; None                      ; 4.068 ns                ;
; N/A                                     ; 232.83 MHz ( period = 4.295 ns )                    ; counter[8]  ; counter[15] ; clk        ; clk      ; None                        ; None                      ; 4.051 ns                ;
; N/A                                     ; 234.03 MHz ( period = 4.273 ns )                    ; counter[14] ; counter[0]  ; clk        ; clk      ; None                        ; None                      ; 4.033 ns                ;
; N/A                                     ; 234.03 MHz ( period = 4.273 ns )                    ; counter[14] ; counter[3]  ; clk        ; clk      ; None                        ; None                      ; 4.033 ns                ;
; N/A                                     ; 234.08 MHz ( period = 4.272 ns )                    ; counter[14] ; counter[1]  ; clk        ; clk      ; None                        ; None                      ; 4.032 ns                ;
; N/A                                     ; 234.14 MHz ( period = 4.271 ns )                    ; counter[14] ; counter[4]  ; clk        ; clk      ; None                        ; None                      ; 4.031 ns                ;
; N/A                                     ; 234.25 MHz ( period = 4.269 ns )                    ; counter[14] ; counter[2]  ; clk        ; clk      ; None                        ; None                      ; 4.029 ns                ;
; N/A                                     ; 234.80 MHz ( period = 4.259 ns )                    ; counter[14] ; counter[5]  ; clk        ; clk      ; None                        ; None                      ; 4.020 ns                ;
; N/A                                     ; 234.85 MHz ( period = 4.258 ns )                    ; counter[14] ; counter[6]  ; clk        ; clk      ; None                        ; None                      ; 4.019 ns                ;
; N/A                                     ; 234.85 MHz ( period = 4.258 ns )                    ; counter[14] ; counter[7]  ; clk        ; clk      ; None                        ; None                      ; 4.019 ns                ;
; N/A                                     ; 235.57 MHz ( period = 4.245 ns )                    ; counter[2]  ; counter[15] ; clk        ; clk      ; None                        ; None                      ; 4.007 ns                ;
; N/A                                     ; 236.02 MHz ( period = 4.237 ns )                    ; counter[5]  ; counter[14] ; clk        ; clk      ; None                        ; None                      ; 3.998 ns                ;
; N/A                                     ; 236.13 MHz ( period = 4.235 ns )                    ; counter[5]  ; counter[12] ; clk        ; clk      ; None                        ; None                      ; 3.996 ns                ;
; N/A                                     ; 236.18 MHz ( period = 4.234 ns )                    ; counter[5]  ; counter[13] ; clk        ; clk      ; None                        ; None                      ; 3.995 ns                ;
; N/A                                     ; 237.02 MHz ( period = 4.219 ns )                    ; counter[14] ; out~reg0    ; clk        ; clk      ; None                        ; None                      ; 3.980 ns                ;
; N/A                                     ; 237.19 MHz ( period = 4.216 ns )                    ; counter[3]  ; counter[14] ; clk        ; clk      ; None                        ; None                      ; 3.978 ns                ;
; N/A                                     ; 237.30 MHz ( period = 4.214 ns )                    ; counter[3]  ; counter[12] ; clk        ; clk      ; None                        ; None                      ; 3.976 ns                ;
; N/A                                     ; 237.36 MHz ( period = 4.213 ns )                    ; counter[3]  ; counter[13] ; clk        ; clk      ; None                        ; None                      ; 3.975 ns                ;
; N/A                                     ; 238.10 MHz ( period = 4.200 ns )                    ; counter[6]  ; counter[14] ; clk        ; clk      ; None                        ; None                      ; 3.961 ns                ;
; N/A                                     ; 238.21 MHz ( period = 4.198 ns )                    ; counter[6]  ; counter[12] ; clk        ; clk      ; None                        ; None                      ; 3.959 ns                ;
; N/A                                     ; 238.27 MHz ( period = 4.197 ns )                    ; counter[6]  ; counter[13] ; clk        ; clk      ; None                        ; None                      ; 3.958 ns                ;
; N/A                                     ; 239.01 MHz ( period = 4.184 ns )                    ; counter[9]  ; counter[17] ; clk        ; clk      ; None                        ; None                      ; 3.940 ns                ;
; N/A                                     ; 239.35 MHz ( period = 4.178 ns )                    ; counter[15] ; counter[0]  ; clk        ; clk      ; None                        ; None                      ; 3.938 ns                ;
; N/A                                     ; 239.35 MHz ( period = 4.178 ns )                    ; counter[15] ; counter[3]  ; clk        ; clk      ; None                        ; None                      ; 3.938 ns                ;
; N/A                                     ; 239.41 MHz ( period = 4.177 ns )                    ; counter[15] ; counter[1]  ; clk        ; clk      ; None                        ; None                      ; 3.937 ns                ;
; N/A                                     ; 239.46 MHz ( period = 4.176 ns )                    ; counter[15] ; counter[4]  ; clk        ; clk      ; None                        ; None                      ; 3.936 ns                ;
; N/A                                     ; 239.58 MHz ( period = 4.174 ns )                    ; counter[15] ; counter[2]  ; clk        ; clk      ; None                        ; None                      ; 3.934 ns                ;
; N/A                                     ; 240.15 MHz ( period = 4.164 ns )                    ; counter[15] ; counter[5]  ; clk        ; clk      ; None                        ; None                      ; 3.925 ns                ;
; N/A                                     ; 240.21 MHz ( period = 4.163 ns )                    ; counter[15] ; counter[6]  ; clk        ; clk      ; None                        ; None                      ; 3.924 ns                ;
; N/A                                     ; 240.21 MHz ( period = 4.163 ns )                    ; counter[15] ; counter[7]  ; clk        ; clk      ; None                        ; None                      ; 3.924 ns                ;
; N/A                                     ; 240.56 MHz ( period = 4.157 ns )                    ; counter[4]  ; counter[14] ; clk        ; clk      ; None                        ; None                      ; 3.919 ns                ;
; Timing analysis restricted to 200 rows. ; To change the limit use Settings (Assignments menu) ;             ;             ;            ;          ;                             ;                           ;                         ;
+-----------------------------------------+-----------------------------------------------------+-------------+-------------+------------+----------+-----------------------------+---------------------------+-------------------------+


+-----------------------------------------------------------------+
; tco                                                             ;
+-------+--------------+------------+----------+-----+------------+
; Slack ; Required tco ; Actual tco ; From     ; To  ; From Clock ;
+-------+--------------+------------+----------+-----+------------+
; N/A   ; None         ; 10.082 ns  ; out~reg0 ; out ; clk        ;
+-------+--------------+------------+----------+-----+------------+


+--------------------------+
; Timing Analyzer Messages ;
+--------------------------+
Info: *******************************************************************
Info: Running Quartus II Classic Timing Analyzer
    Info: Version 9.1 Build 222 10/21/2009 SJ Web Edition
    Info: Processing started: Mon Jun 06 12:01:34 2016
Info: Command: quartus_tan --read_settings_files=off --write_settings_files=off PWM_generator -c PWM_generator --timing_analysis_only
Warning: Found pins functioning as undefined clocks and/or memory enables
    Info: Assuming node "clk" is an undefined clock
Info: Clock "clk" has Internal fmax of 186.99 MHz between source register "counter[0]" and destination register "out~reg0" (period= 5.348 ns)
    Info: + Longest register to register delay is 5.110 ns
        Info: 1: + IC(0.000 ns) + CELL(0.000 ns) = 0.000 ns; Loc. = LCFF_X10_Y19_N1; Fanout = 2; REG Node = 'counter[0]'
        Info: 2: + IC(0.353 ns) + CELL(0.596 ns) = 0.949 ns; Loc. = LCCOMB_X10_Y19_N14; Fanout = 2; COMB Node = 'counter[0]~3'
        Info: 3: + IC(0.000 ns) + CELL(0.080 ns) = 1.029 ns; Loc. = LCCOMB_X10_Y19_N16; Fanout = 2; COMB Node = 'counter[1]~5'
        Info: 4: + IC(0.000 ns) + CELL(0.080 ns) = 1.109 ns; Loc. = LCCOMB_X10_Y19_N18; Fanout = 2; COMB Node = 'counter[2]~7'
        Info: 5: + IC(0.000 ns) + CELL(0.080 ns) = 1.189 ns; Loc. = LCCOMB_X10_Y19_N20; Fanout = 2; COMB Node = 'counter[3]~9'
        Info: 6: + IC(0.000 ns) + CELL(0.080 ns) = 1.269 ns; Loc. = LCCOMB_X10_Y19_N22; Fanout = 2; COMB Node = 'counter[4]~11'
        Info: 7: + IC(0.000 ns) + CELL(0.080 ns) = 1.349 ns; Loc. = LCCOMB_X10_Y19_N24; Fanout = 2; COMB Node = 'counter[5]~13'
        Info: 8: + IC(0.000 ns) + CELL(0.080 ns) = 1.429 ns; Loc. = LCCOMB_X10_Y19_N26; Fanout = 2; COMB Node = 'counter[6]~15'
        Info: 9: + IC(0.000 ns) + CELL(0.080 ns) = 1.509 ns; Loc. = LCCOMB_X10_Y19_N28; Fanout = 2; COMB Node = 'counter[7]~17'
        Info: 10: + IC(0.000 ns) + CELL(0.161 ns) = 1.670 ns; Loc. = LCCOMB_X10_Y19_N30; Fanout = 2; COMB Node = 'counter[8]~19'
        Info: 11: + IC(0.000 ns) + CELL(0.080 ns) = 1.750 ns; Loc. = LCCOMB_X10_Y18_N0; Fanout = 2; COMB Node = 'counter[9]~21'
        Info: 12: + IC(0.000 ns) + CELL(0.458 ns) = 2.208 ns; Loc. = LCCOMB_X10_Y18_N2; Fanout = 3; COMB Node = 'counter[10]~22'
        Info: 13: + IC(1.436 ns) + CELL(0.512 ns) = 4.156 ns; Loc. = LCCOMB_X11_Y19_N20; Fanout = 1; COMB Node = 'LessThan0~5'
        Info: 14: + IC(0.316 ns) + CELL(0.542 ns) = 5.014 ns; Loc. = LCCOMB_X11_Y19_N0; Fanout = 1; COMB Node = 'LessThan0~6'
        Info: 15: + IC(0.000 ns) + CELL(0.096 ns) = 5.110 ns; Loc. = LCFF_X11_Y19_N1; Fanout = 1; REG Node = 'out~reg0'
        Info: Total cell delay = 3.005 ns ( 58.81 % )
        Info: Total interconnect delay = 2.105 ns ( 41.19 % )
    Info: - Smallest clock skew is 0.001 ns
        Info: + Shortest clock path from clock "clk" to destination register is 2.853 ns
            Info: 1: + IC(0.000 ns) + CELL(1.026 ns) = 1.026 ns; Loc. = PIN_M1; Fanout = 1; CLK Node = 'clk'
            Info: 2: + IC(0.238 ns) + CELL(0.000 ns) = 1.264 ns; Loc. = CLKCTRL_G3; Fanout = 19; COMB Node = 'clk~clkctrl'
            Info: 3: + IC(0.987 ns) + CELL(0.602 ns) = 2.853 ns; Loc. = LCFF_X11_Y19_N1; Fanout = 1; REG Node = 'out~reg0'
            Info: Total cell delay = 1.628 ns ( 57.06 % )
            Info: Total interconnect delay = 1.225 ns ( 42.94 % )
        Info: - Longest clock path from clock "clk" to source register is 2.852 ns
            Info: 1: + IC(0.000 ns) + CELL(1.026 ns) = 1.026 ns; Loc. = PIN_M1; Fanout = 1; CLK Node = 'clk'
            Info: 2: + IC(0.238 ns) + CELL(0.000 ns) = 1.264 ns; Loc. = CLKCTRL_G3; Fanout = 19; COMB Node = 'clk~clkctrl'
            Info: 3: + IC(0.986 ns) + CELL(0.602 ns) = 2.852 ns; Loc. = LCFF_X10_Y19_N1; Fanout = 2; REG Node = 'counter[0]'
            Info: Total cell delay = 1.628 ns ( 57.08 % )
            Info: Total interconnect delay = 1.224 ns ( 42.92 % )
    Info: + Micro clock to output delay of source is 0.277 ns
    Info: + Micro setup delay of destination is -0.038 ns
Info: tco from clock "clk" to destination pin "out" through register "out~reg0" is 10.082 ns
    Info: + Longest clock path from clock "clk" to source register is 2.853 ns
        Info: 1: + IC(0.000 ns) + CELL(1.026 ns) = 1.026 ns; Loc. = PIN_M1; Fanout = 1; CLK Node = 'clk'
        Info: 2: + IC(0.238 ns) + CELL(0.000 ns) = 1.264 ns; Loc. = CLKCTRL_G3; Fanout = 19; COMB Node = 'clk~clkctrl'
        Info: 3: + IC(0.987 ns) + CELL(0.602 ns) = 2.853 ns; Loc. = LCFF_X11_Y19_N1; Fanout = 1; REG Node = 'out~reg0'
        Info: Total cell delay = 1.628 ns ( 57.06 % )
        Info: Total interconnect delay = 1.225 ns ( 42.94 % )
    Info: + Micro clock to output delay of source is 0.277 ns
    Info: + Longest register to pin delay is 6.952 ns
        Info: 1: + IC(0.000 ns) + CELL(0.000 ns) = 0.000 ns; Loc. = LCFF_X11_Y19_N1; Fanout = 1; REG Node = 'out~reg0'
        Info: 2: + IC(4.112 ns) + CELL(2.840 ns) = 6.952 ns; Loc. = PIN_G21; Fanout = 0; PIN Node = 'out'
        Info: Total cell delay = 2.840 ns ( 40.85 % )
        Info: Total interconnect delay = 4.112 ns ( 59.15 % )
Info: Quartus II Classic Timing Analyzer was successful. 0 errors, 2 warnings
    Info: Peak virtual memory: 157 megabytes
    Info: Processing ended: Mon Jun 06 12:01:34 2016
    Info: Elapsed time: 00:00:00
    Info: Total CPU time (on all processors): 00:00:00


